<?xml version="1.0" encoding="UTF-8"?>
<testng-results ignored="0" total="8" passed="8" failed="0" skipped="0">
  <reporter-output>
  </reporter-output>
  <suite started-at="2021-06-24T23:27:00 CDT" name="Suite" finished-at="2021-06-24T23:28:35 CDT" duration-ms="94714">
    <groups>
    </groups>
    <test started-at="2021-06-24T23:27:00 CDT" name="Test" finished-at="2021-06-24T23:28:35 CDT" duration-ms="94714">
      <class name="com.google.openemrtest.MainPageTest">
        <test-method is-config="true" signature="setup()[pri:0, instance:com.google.openemrtest.MainPageTest@be64738]" started-at="2021-06-24T23:28:13 CDT" name="setup" finished-at="2021-06-24T23:28:16 CDT" duration-ms="2254" status="PASS">
          <reporter-output>
          </reporter-output>
        </test-method> <!-- setup -->
        <test-method signature="patientsMenuTest(java.lang.String,java.lang.String,java.lang.String,java.lang.String)[pri:1, instance:com.google.openemrtest.MainPageTest@be64738]" started-at="2021-06-24T23:28:16 CDT" name="patientsMenuTest" data-provider="patientsMenuData" finished-at="2021-06-24T23:28:18 CDT" duration-ms="2314" status="PASS">
          <params>
            <param index="0">
              <value>
                <![CDATA[admin]]>
              </value>
            </param>
            <param index="1">
              <value>
                <![CDATA[pass]]>
              </value>
            </param>
            <param index="2">
              <value>
                <![CDATA[English (Standard)]]>
              </value>
            </param>
            <param index="3">
              <value>
                <![CDATA[Patient Finder]]>
              </value>
            </param>
          </params>
          <reporter-output>
          </reporter-output>
        </test-method> <!-- patientsMenuTest -->
        <test-method is-config="true" signature="teardown()[pri:0, instance:com.google.openemrtest.MainPageTest@be64738]" started-at="2021-06-24T23:28:18 CDT" name="teardown" finished-at="2021-06-24T23:28:18 CDT" duration-ms="239" status="PASS">
          <reporter-output>
          </reporter-output>
        </test-method> <!-- teardown -->
        <test-method is-config="true" signature="setup()[pri:0, instance:com.google.openemrtest.MainPageTest@be64738]" started-at="2021-06-24T23:28:18 CDT" name="setup" finished-at="2021-06-24T23:28:21 CDT" duration-ms="2543" status="PASS">
          <reporter-output>
          </reporter-output>
        </test-method> <!-- setup -->
        <test-method signature="patientsMenuTest(java.lang.String,java.lang.String,java.lang.String,java.lang.String)[pri:1, instance:com.google.openemrtest.MainPageTest@be64738]" started-at="2021-06-24T23:28:21 CDT" name="patientsMenuTest" data-provider="patientsMenuData" finished-at="2021-06-24T23:28:23 CDT" duration-ms="2175" status="PASS">
          <params>
            <param index="0">
              <value>
                <![CDATA[physician]]>
              </value>
            </param>
            <param index="1">
              <value>
                <![CDATA[physician]]>
              </value>
            </param>
            <param index="2">
              <value>
                <![CDATA[English (Standard)]]>
              </value>
            </param>
            <param index="3">
              <value>
                <![CDATA[Patient Finder]]>
              </value>
            </param>
          </params>
          <reporter-output>
          </reporter-output>
        </test-method> <!-- patientsMenuTest -->
        <test-method is-config="true" signature="teardown()[pri:0, instance:com.google.openemrtest.MainPageTest@be64738]" started-at="2021-06-24T23:28:23 CDT" name="teardown" finished-at="2021-06-24T23:28:23 CDT" duration-ms="220" status="PASS">
          <reporter-output>
          </reporter-output>
        </test-method> <!-- teardown -->
        <test-method is-config="true" signature="setup()[pri:0, instance:com.google.openemrtest.MainPageTest@be64738]" started-at="2021-06-24T23:28:23 CDT" name="setup" finished-at="2021-06-24T23:28:25 CDT" duration-ms="2236" status="PASS">
          <reporter-output>
          </reporter-output>
        </test-method> <!-- setup -->
        <test-method signature="newSearchMenuTest(java.lang.String,java.lang.String,java.lang.String,java.lang.String)[pri:2, instance:com.google.openemrtest.MainPageTest@be64738]" started-at="2021-06-24T23:28:25 CDT" name="newSearchMenuTest" data-provider="newSearchMenuData" finished-at="2021-06-24T23:28:28 CDT" duration-ms="2562" status="PASS">
          <params>
            <param index="0">
              <value>
                <![CDATA[admin]]>
              </value>
            </param>
            <param index="1">
              <value>
                <![CDATA[pass]]>
              </value>
            </param>
            <param index="2">
              <value>
                <![CDATA[English (Standard)]]>
              </value>
            </param>
            <param index="3">
              <value>
                <![CDATA[Search or Add Patient]]>
              </value>
            </param>
          </params>
          <reporter-output>
          </reporter-output>
        </test-method> <!-- newSearchMenuTest -->
        <test-method is-config="true" signature="teardown()[pri:0, instance:com.google.openemrtest.MainPageTest@be64738]" started-at="2021-06-24T23:28:28 CDT" name="teardown" finished-at="2021-06-24T23:28:29 CDT" duration-ms="1183" status="PASS">
          <reporter-output>
          </reporter-output>
        </test-method> <!-- teardown -->
        <test-method is-config="true" signature="setup()[pri:0, instance:com.google.openemrtest.MainPageTest@be64738]" started-at="2021-06-24T23:28:29 CDT" name="setup" finished-at="2021-06-24T23:28:31 CDT" duration-ms="2168" status="PASS">
          <reporter-output>
          </reporter-output>
        </test-method> <!-- setup -->
        <test-method signature="newSearchMenuTest(java.lang.String,java.lang.String,java.lang.String,java.lang.String)[pri:2, instance:com.google.openemrtest.MainPageTest@be64738]" started-at="2021-06-24T23:28:31 CDT" name="newSearchMenuTest" data-provider="newSearchMenuData" finished-at="2021-06-24T23:28:34 CDT" duration-ms="2642" status="PASS">
          <params>
            <param index="0">
              <value>
                <![CDATA[physician]]>
              </value>
            </param>
            <param index="1">
              <value>
                <![CDATA[physician]]>
              </value>
            </param>
            <param index="2">
              <value>
                <![CDATA[English (Standard)]]>
              </value>
            </param>
            <param index="3">
              <value>
                <![CDATA[Search or Add Patient]]>
              </value>
            </param>
          </params>
          <reporter-output>
          </reporter-output>
        </test-method> <!-- newSearchMenuTest -->
        <test-method is-config="true" signature="teardown()[pri:0, instance:com.google.openemrtest.MainPageTest@be64738]" started-at="2021-06-24T23:28:34 CDT" name="teardown" finished-at="2021-06-24T23:28:35 CDT" duration-ms="1179" status="PASS">
          <reporter-output>
          </reporter-output>
        </test-method> <!-- teardown -->
      </class> <!-- com.google.openemrtest.MainPageTest -->
      <class name="com.google.openemrtest.AddpatientpageTest">
        <test-method is-config="true" signature="setup()[pri:0, instance:com.google.openemrtest.AddpatientpageTest@6f96c77]" started-at="2021-06-24T23:27:12 CDT" name="setup" finished-at="2021-06-24T23:27:14 CDT" duration-ms="2110" status="PASS">
          <reporter-output>
          </reporter-output>
        </test-method> <!-- setup -->
        <test-method signature="AddpatientEmrpageTest(java.lang.String,java.lang.String,java.lang.String,java.lang.String,java.lang.String,java.lang.String,java.lang.String,java.lang.String,java.lang.String)[pri:0, instance:com.google.openemrtest.AddpatientpageTest@6f96c77]" started-at="2021-06-24T23:27:14 CDT" name="AddpatientEmrpageTest" data-provider="AddpatientEmrpageData" finished-at="2021-06-24T23:27:42 CDT" duration-ms="28409" status="PASS">
          <params>
            <param index="0">
              <value>
                <![CDATA[admin]]>
              </value>
            </param>
            <param index="1">
              <value>
                <![CDATA[pass]]>
              </value>
            </param>
            <param index="2">
              <value>
                <![CDATA[English (Standard)]]>
              </value>
            </param>
            <param index="3">
              <value>
                <![CDATA[Ms.]]>
              </value>
            </param>
            <param index="4">
              <value>
                <![CDATA[samara]]>
              </value>
            </param>
            <param index="5">
              <value>
                <![CDATA[Wills]]>
              </value>
            </param>
            <param index="6">
              <value>
                <![CDATA[2021-06-23]]>
              </value>
            </param>
            <param index="7">
              <value>
                <![CDATA[Female]]>
              </value>
            </param>
            <param index="8">
              <value>
                <![CDATA[Samara Wills]]>
              </value>
            </param>
          </params>
          <reporter-output>
          </reporter-output>
        </test-method> <!-- AddpatientEmrpageTest -->
        <test-method is-config="true" signature="teardown()[pri:0, instance:com.google.openemrtest.AddpatientpageTest@6f96c77]" started-at="2021-06-24T23:27:42 CDT" name="teardown" finished-at="2021-06-24T23:27:43 CDT" duration-ms="236" status="PASS">
          <reporter-output>
          </reporter-output>
        </test-method> <!-- teardown -->
        <test-method is-config="true" signature="setup()[pri:0, instance:com.google.openemrtest.AddpatientpageTest@6f96c77]" started-at="2021-06-24T23:27:43 CDT" name="setup" finished-at="2021-06-24T23:27:45 CDT" duration-ms="2559" status="PASS">
          <reporter-output>
          </reporter-output>
        </test-method> <!-- setup -->
        <test-method signature="AddpatientEmrpageTest(java.lang.String,java.lang.String,java.lang.String,java.lang.String,java.lang.String,java.lang.String,java.lang.String,java.lang.String,java.lang.String)[pri:0, instance:com.google.openemrtest.AddpatientpageTest@6f96c77]" started-at="2021-06-24T23:27:45 CDT" name="AddpatientEmrpageTest" data-provider="AddpatientEmrpageData" finished-at="2021-06-24T23:28:13 CDT" duration-ms="27985" status="PASS">
          <params>
            <param index="0">
              <value>
                <![CDATA[physician]]>
              </value>
            </param>
            <param index="1">
              <value>
                <![CDATA[physician]]>
              </value>
            </param>
            <param index="2">
              <value>
                <![CDATA[English (Standard)]]>
              </value>
            </param>
            <param index="3">
              <value>
                <![CDATA[Ms.]]>
              </value>
            </param>
            <param index="4">
              <value>
                <![CDATA[sara]]>
              </value>
            </param>
            <param index="5">
              <value>
                <![CDATA[Wills]]>
              </value>
            </param>
            <param index="6">
              <value>
                <![CDATA[2021-06-23]]>
              </value>
            </param>
            <param index="7">
              <value>
                <![CDATA[Female]]>
              </value>
            </param>
            <param index="8">
              <value>
                <![CDATA[Sara Wills]]>
              </value>
            </param>
          </params>
          <reporter-output>
          </reporter-output>
        </test-method> <!-- AddpatientEmrpageTest -->
        <test-method is-config="true" signature="teardown()[pri:0, instance:com.google.openemrtest.AddpatientpageTest@6f96c77]" started-at="2021-06-24T23:28:13 CDT" name="teardown" finished-at="2021-06-24T23:28:13 CDT" duration-ms="249" status="PASS">
          <reporter-output>
          </reporter-output>
        </test-method> <!-- teardown -->
      </class> <!-- com.google.openemrtest.AddpatientpageTest -->
      <class name="com.google.openemrtest.LoginTest">
        <test-method is-config="true" signature="setup()[pri:0, instance:com.google.openemrtest.LoginTest@778d1062]" started-at="2021-06-24T23:27:00 CDT" name="setup" finished-at="2021-06-24T23:27:05 CDT" duration-ms="4255" status="PASS">
          <reporter-output>
          </reporter-output>
        </test-method> <!-- setup -->
        <test-method signature="validCredentialTest(java.lang.String,java.lang.String,java.lang.String,java.lang.String)[pri:1, instance:com.google.openemrtest.LoginTest@778d1062]" started-at="2021-06-24T23:27:05 CDT" name="validCredentialTest" data-provider="validCredentialData" finished-at="2021-06-24T23:27:07 CDT" duration-ms="2007" status="PASS">
          <params>
            <param index="0">
              <value>
                <![CDATA[admin]]>
              </value>
            </param>
            <param index="1">
              <value>
                <![CDATA[pass]]>
              </value>
            </param>
            <param index="2">
              <value>
                <![CDATA[English (Standard)]]>
              </value>
            </param>
            <param index="3">
              <value>
                <![CDATA[Patient: None]]>
              </value>
            </param>
          </params>
          <reporter-output>
          </reporter-output>
        </test-method> <!-- validCredentialTest -->
        <test-method is-config="true" signature="teardown()[pri:0, instance:com.google.openemrtest.LoginTest@778d1062]" started-at="2021-06-24T23:27:07 CDT" name="teardown" finished-at="2021-06-24T23:27:07 CDT" duration-ms="228" status="PASS">
          <reporter-output>
          </reporter-output>
        </test-method> <!-- teardown -->
        <test-method is-config="true" signature="setup()[pri:0, instance:com.google.openemrtest.LoginTest@778d1062]" started-at="2021-06-24T23:27:07 CDT" name="setup" finished-at="2021-06-24T23:27:10 CDT" duration-ms="2808" status="PASS">
          <reporter-output>
          </reporter-output>
        </test-method> <!-- setup -->
        <test-method signature="validCredentialTest(java.lang.String,java.lang.String,java.lang.String,java.lang.String)[pri:1, instance:com.google.openemrtest.LoginTest@778d1062]" started-at="2021-06-24T23:27:10 CDT" name="validCredentialTest" data-provider="validCredentialData" finished-at="2021-06-24T23:27:12 CDT" duration-ms="1882" status="PASS">
          <params>
            <param index="0">
              <value>
                <![CDATA[physician]]>
              </value>
            </param>
            <param index="1">
              <value>
                <![CDATA[physician]]>
              </value>
            </param>
            <param index="2">
              <value>
                <![CDATA[English (Standard)]]>
              </value>
            </param>
            <param index="3">
              <value>
                <![CDATA[Patient: None]]>
              </value>
            </param>
          </params>
          <reporter-output>
          </reporter-output>
        </test-method> <!-- validCredentialTest -->
        <test-method is-config="true" signature="teardown()[pri:0, instance:com.google.openemrtest.LoginTest@778d1062]" started-at="2021-06-24T23:27:12 CDT" name="teardown" finished-at="2021-06-24T23:27:12 CDT" duration-ms="215" status="PASS">
          <reporter-output>
          </reporter-output>
        </test-method> <!-- teardown -->
      </class> <!-- com.google.openemrtest.LoginTest -->
    </test> <!-- Test -->
  </suite> <!-- Suite -->
</testng-results>
